Log file open, 08/29/18 13:10:09
LogWindows: Failed to load 'aqProf.dll' (GetLastError=126)
LogWindows: File 'aqProf.dll' does not exist
LogWindows: Failed to load 'VtuneApi.dll' (GetLastError=126)
LogWindows: File 'VtuneApi.dll' does not exist
LogWindows: Failed to load 'VtuneApi32e.dll' (GetLastError=126)
LogWindows: File 'VtuneApi32e.dll' does not exist
LogInit: Display: Running engine for game: Robothuman
LogPlatformFile: Not using cached read wrapper
LogTaskGraph: Started task graph with 5 named threads and 23 total threads with 3 sets of task threads.
LogStats: Stats thread started at 0.272468
LogD3D11RHI: Loaded GFSDK_Aftermath_Lib.x64.dll
LogICUInternationalization: Display: ICU TimeZone Detection - Raw Offset: -7:00, Platform Override: ''
LogPluginManager: Mounting plugin Paper2D
LogPluginManager: Mounting plugin AISupport
LogPluginManager: Mounting plugin LightPropagationVolume
LogPluginManager: Mounting plugin CLionSourceCodeAccess
LogPluginManager: Mounting plugin CodeLiteSourceCodeAccess
LogPluginManager: Mounting plugin GitSourceControl
LogPluginManager: Mounting plugin KDevelopSourceCodeAccess
LogPluginManager: Mounting plugin NullSourceCodeAccess
LogPluginManager: Mounting plugin PerforceSourceControl
LogPluginManager: Mounting plugin SubversionSourceControl
LogPluginManager: Mounting plugin UObjectPlugin
LogPluginManager: Mounting plugin VisualStudioCodeSourceCodeAccess
LogPluginManager: Mounting plugin VisualStudioSourceCodeAccess
LogPluginManager: Mounting plugin XCodeSourceCodeAccess
LogPluginManager: Mounting plugin AssetManagerEditor
LogPluginManager: Mounting plugin CryptoKeys
LogPluginManager: Mounting plugin DataValidation
LogPluginManager: Mounting plugin FacialAnimation
LogPluginManager: Mounting plugin GameplayTagsEditor
LogPluginManager: Mounting plugin MacGraphicsSwitching
LogPluginManager: Mounting plugin MobileLauncherProfileWizard
LogPluginManager: Mounting plugin PluginBrowser
LogPluginManager: Mounting plugin SpeedTreeImporter
LogPluginManager: Mounting plugin DatasmithContent
LogPluginManager: Mounting plugin AlembicImporter
LogPluginManager: Mounting plugin AppleImageUtils
LogPluginManager: Mounting plugin AppleVision
LogPluginManager: Mounting plugin BackChannel
LogPluginManager: Mounting plugin CharacterAI
LogPluginManager: Mounting plugin GeometryCache
LogPluginManager: Mounting plugin HTML5Networking
LogPluginManager: Mounting plugin ProxyLODPlugin
LogPluginManager: Mounting plugin MagicLeap
LogPluginManager: Mounting plugin MagicLeapEmulator
LogPluginManager: Mounting plugin MagicLeapMedia
LogPluginManager: Mounting plugin AndroidMedia
LogPluginManager: Mounting plugin AvfMedia
LogPluginManager: Mounting plugin ImgMedia
LogPluginManager: Mounting plugin LinearTimecode
LogPluginManager: Mounting plugin MediaCompositing
LogPluginManager: Mounting plugin MediaPlayerEditor
LogPluginManager: Mounting plugin WmfMedia
LogPluginManager: Mounting plugin TcpMessaging
LogPluginManager: Mounting plugin UdpMessaging
LogPluginManager: Mounting plugin ActorSequence
LogPluginManager: Mounting plugin LevelSequenceEditor
LogPluginManager: Mounting plugin MatineeToLevelSequence
LogPluginManager: Mounting plugin NetcodeUnitTest
LogPluginManager: Mounting plugin NUTUnrealEngine4
LogPluginManager: Mounting plugin OnlineSubsystemGooglePlay
LogPluginManager: Mounting plugin OnlineSubsystemIOS
LogPluginManager: Mounting plugin OnlineSubsystem
LogPluginManager: Mounting plugin OnlineSubsystemNull
LogPluginManager: Mounting plugin OnlineSubsystemUtils
LogPluginManager: Mounting plugin LauncherChunkInstaller
LogPluginManager: Mounting plugin AndroidDeviceProfileSelector
LogPluginManager: Mounting plugin AndroidMoviePlayer
LogPluginManager: Mounting plugin AndroidPermission
LogPluginManager: Mounting plugin AppleMoviePlayer
LogPluginManager: Mounting plugin ArchVisCharacter
LogPluginManager: Mounting plugin AudioCapture
LogPluginManager: Mounting plugin CableComponent
LogPluginManager: Mounting plugin CustomMeshComponent
LogPluginManager: Mounting plugin EditableMesh
LogPluginManager: Mounting plugin ExampleDeviceProfileSelector
LogPluginManager: Mounting plugin GoogleCloudMessaging
LogPluginManager: Mounting plugin ImmediatePhysics
LogPluginManager: Mounting plugin IOSDeviceProfileSelector
LogPluginManager: Mounting plugin LinuxDeviceProfileSelector
LogPluginManager: Mounting plugin LocationServicesBPLibrary
LogPluginManager: Mounting plugin MobilePatchingUtils
LogPluginManager: Mounting plugin OculusVR
LogPluginManager: Plugin shader directory ../../../Engine/Plugins/Runtime/Oculus/OculusVR/Shaders found
LogPluginManager: Mapping shader source directory ../../../Engine/Plugins/Runtime/Oculus/OculusVR/Shaders to virtual directory /Plugin/OculusVR
LogPluginManager: Mounting plugin PhysXVehicles
LogPluginManager: Mounting plugin ProceduralMeshComponent
LogPluginManager: Mounting plugin RuntimePhysXCooking
LogPluginManager: Mounting plugin SteamVR
LogPluginManager: Mounting plugin WindowsMoviePlayer
LogStreaming: Display: Took  0.077s to configure plugins.
LogInit: Using libcurl 7.55.1-DEV
LogInit:  - built for x86_64-pc-win32
LogInit:  - supports SSL with OpenSSL/1.0.2h
LogInit:  - supports HTTP deflate (compression) using libz 1.2.8
LogInit:  - other features:
LogInit:      CURL_VERSION_SSL
LogInit:      CURL_VERSION_LIBZ
LogInit:      CURL_VERSION_IPV6
LogInit:      CURL_VERSION_ASYNCHDNS
LogInit:      CURL_VERSION_LARGEFILE
LogInit:      CURL_VERSION_IDN
LogInit:  CurlRequestOptions (configurable via config and command line):
LogInit:  - bVerifyPeer = false  - Libcurl will NOT verify peer certificate
LogInit:  - bUseHttpProxy = false  - Libcurl will NOT use HTTP proxy
LogInit:  - bDontReuseConnections = false  - Libcurl will reuse connections
LogInit:  - CertBundlePath = nullptr  - Libcurl will use whatever was configured at build time.
LogInit:  - MaxHostConnections = 16  - Libcurl will limit the number of connections to a host
LogInit:  - LocalHostAddr = Default
LogInit:  - BufferSize = 65536
LogInit: WinSock: version 1.1 (2.2), MaxSocks=32767, MaxUdp=65467
LogInit: Build: ++UE4+Release-4.20-CL-4212847
LogInit: Engine Version: 4.20.0-4212847+++UE4+Release-4.20
LogInit: Compatible Engine Version: 4.20.0-4212847+++UE4+Release-4.20
LogInit: Net CL: 4212847
LogInit: OS: Windows 10 (), CPU: Intel(R) Core(TM) i7-4770 CPU @ 3.40GHz, GPU: NVIDIA GeForce GTX 1070
LogInit: Compiled (64-bit): Jul 14 2018 09:51:14
LogInit: Compiled with Visual C++: 19.13.26129.00
LogInit: Build Configuration: Development
LogInit: Branch Name: ++UE4+Release-4.20
LogInit: Command Line:  
LogInit: Base Directory: C:/Program Files/Epic Games/UE_4.20/Engine/Binaries/Win64/
LogInit: Installed Engine Build: 1
LogDevObjectVersion: Number of dev versions registered: 20
LogDevObjectVersion:   Dev-Blueprints (B0D832E4-1F89-4F0D-ACCF-7EB736FD4AA2): 10
LogDevObjectVersion:   Dev-Build (E1C64328-A22C-4D53-A36C-8E866417BD8C): 0
LogDevObjectVersion:   Dev-Core (375EC13C-06E4-48FB-B500-84F0262A717E): 2
LogDevObjectVersion:   Dev-Editor (E4B068ED-F494-42E9-A231-DA0B2E46BB41): 24
LogDevObjectVersion:   Dev-Framework (CFFC743F-43B0-4480-9391-14DF171D2073): 34
LogDevObjectVersion:   Dev-Mobile (B02B49B5-BB20-44E9-A304-32B752E40360): 2
LogDevObjectVersion:   Dev-Networking (A4E4105C-59A1-49B5-A7C5-40C4547EDFEE): 0
LogDevObjectVersion:   Dev-Online (39C831C9-5AE6-47DC-9A44-9C173E1C8E7C): 0
LogDevObjectVersion:   Dev-Physics (78F01B33-EBEA-4F98-B9B4-84EACCB95AA2): 0
LogDevObjectVersion:   Dev-Platform (6631380F-2D4D-43E0-8009-CF276956A95A): 0
LogDevObjectVersion:   Dev-Rendering (12F88B9F-8875-4AFC-A67C-D90C383ABD29): 26
LogDevObjectVersion:   Dev-Sequencer (7B5AE74C-D270-4C10-A958-57980B212A5A): 9
LogDevObjectVersion:   Dev-VR (D7296918-1DD6-4BDD-9DE2-64A83CC13884): 2
LogDevObjectVersion:   Dev-LoadTimes (C2A15278-BFE7-4AFE-6C17-90FF531DF755): 1
LogDevObjectVersion:   Private-Geometry (6EACA3D4-40EC-4CC1-B786-8BED09428FC5): 3
LogDevObjectVersion:   Dev-AnimPhys (29E575DD-E0A3-4627-9D10-D276232CDCEA): 17
LogDevObjectVersion:   Dev-ReflectionCapture (6B266CEC-1EC7-4B8F-A30B-E4D90942FC07): 1
LogDevObjectVersion:   Dev-Automation (0DF73D61-A23F-47EA-B727-89E90C41499A): 1
LogDevObjectVersion:   FortniteMain (601D1886-AC64-4F84-AA16-D3DE0DEAC7D6): 12
LogDevObjectVersion:   Dev-Enterprise (9DFFBCD6-494F-0158-E221-12823C92A888): 1
LogStreaming: Display: Took  0.000s to delete old logs.
LogInit: Presizing for max 8388607 objects, including 0 objects not considered by GC, pre-allocating 0 bytes for permanent pool.
LogInit: Object subsystem initialized
[2018.08.29-19.10.09:757][  0]LogInit: Selected Device Profile: [Windows]
[2018.08.29-19.10.09:757][  0]LogInit: Applying CVar settings loaded from the selected device profile: [Windows]
[2018.08.29-19.10.09:768][  0]LogHAL: Display: Platform has ~ 32 GB [34297425920 / 34359738368 / 32], which maps to Largest [LargestMinGB=32, LargerMinGB=12, DefaultMinGB=8, SmallerMinGB=6, SmallestMinGB=0)
[2018.08.29-19.10.09:768][  0]LogInit: Setting Device Profile CVar: [[r.Vulkan.UseRealUBs:1]]
[2018.08.29-19.10.09:768][  0]LogInit: Going up to parent DeviceProfile []
[2018.08.29-19.10.09:768][  0]LogInit: Computer: eae-d-124
[2018.08.29-19.10.09:768][  0]LogInit: User: u0840136
[2018.08.29-19.10.09:768][  0]LogInit: CPU Page size=4096, Cores=4
[2018.08.29-19.10.09:769][  0]LogInit: High frequency timer resolution =3.318395 MHz
[2018.08.29-19.10.09:769][  0]LogMemory: Memory total: Physical=31.9GB (32GB approx)
[2018.08.29-19.10.09:769][  0]LogMemory: Platform Memory Stats for Windows
[2018.08.29-19.10.09:769][  0]LogMemory: Process Physical Memory: 99.85 MB used, 99.85 MB peak
[2018.08.29-19.10.09:769][  0]LogMemory: Process Virtual Memory: 91.07 MB used, 91.07 MB peak
[2018.08.29-19.10.09:769][  0]LogMemory: Physical Memory: 4762.75 MB used,  27945.82 MB free, 32708.57 MB total
[2018.08.29-19.10.09:769][  0]LogMemory: Virtual Memory: 4640.35 MB used,  27945.82 MB free, 134217728.00 MB total
[2018.08.29-19.10.09:783][  0]LogInit: Using OS detected language (en-US).
[2018.08.29-19.10.09:783][  0]LogInit: Using OS detected locale (en-US).
[2018.08.29-19.10.09:784][  0]LogTextLocalizationManager: No specific localization for 'en-US' exists, so the 'en' localization will be used.
[2018.08.29-19.10.10:131][  0]LogStreaming: Display: Took  0.347s to InitEngineTextLocalization.
[2018.08.29-19.10.10:131][  0]LogInit: Setting process to per monitor DPI aware
[2018.08.29-19.10.10:172][  0]LogSlate: New Slate User Created.  User Index 0, Is Virtual User: 0
[2018.08.29-19.10.10:172][  0]LogSlate: Slate User Registered.  User Index 0, Is Virtual User: 0
[2018.08.29-19.10.10:343][  0]LogHMD: Failed to initialize OpenVR with code 110
[2018.08.29-19.10.10:344][  0]LogD3D11RHI: D3D11 adapters:
[2018.08.29-19.10.10:407][  0]LogD3D11RHI:    0. 'NVIDIA GeForce GTX 1070' (Feature Level 11_0)
[2018.08.29-19.10.10:407][  0]LogD3D11RHI:       8088/0/16354 MB DedicatedVideo/DedicatedSystem/SharedSystem, Outputs:2, VendorId:0x10de
[2018.08.29-19.10.10:409][  0]LogD3D11RHI:    1. 'Microsoft Basic Render Driver' (Feature Level 11_0)
[2018.08.29-19.10.10:409][  0]LogD3D11RHI:       0/0/16354 MB DedicatedVideo/DedicatedSystem/SharedSystem, Outputs:0, VendorId:0x1414
[2018.08.29-19.10.10:409][  0]LogD3D11RHI: Chosen D3D11 Adapter: 0
[2018.08.29-19.10.10:414][  0]LogD3D11RHI: Creating new Direct3DDevice
[2018.08.29-19.10.10:414][  0]LogD3D11RHI:     GPU DeviceId: 0x1b81 (for the marketing name, search the web for "GPU Device Id")
[2018.08.29-19.10.10:414][  0]LogWindows: EnumDisplayDevices:
[2018.08.29-19.10.10:414][  0]LogWindows:    0. 'NVIDIA GeForce GTX 1070' (P:0 D:1)
[2018.08.29-19.10.10:414][  0]LogWindows:    1. 'NVIDIA GeForce GTX 1070' (P:1 D:1)
[2018.08.29-19.10.10:415][  0]LogWindows:    2. 'NVIDIA GeForce GTX 1070' (P:0 D:0)
[2018.08.29-19.10.10:415][  0]LogWindows:    3. 'NVIDIA GeForce GTX 1070' (P:0 D:0)
[2018.08.29-19.10.10:415][  0]LogWindows: DebugString: FoundDriverCount:4 
[2018.08.29-19.10.10:415][  0]LogD3D11RHI:     Adapter Name: NVIDIA GeForce GTX 1070
[2018.08.29-19.10.10:415][  0]LogD3D11RHI:   Driver Version: 398.36 (internal:24.21.13.9836, unified:398.36)
[2018.08.29-19.10.10:415][  0]LogD3D11RHI:      Driver Date: 6-24-2018
[2018.08.29-19.10.10:415][  0]LogRHI: Texture pool is 5661 MB (70% of 8088 MB)
[2018.08.29-19.10.10:448][  0]LogD3D11RHI: Async texture creation enabled
[2018.08.29-19.10.10:464][  0]LogD3D11RHI: GPU Timing Frequency: 1000.000000 (Debug: 2 2)
[2018.08.29-19.10.10:554][  0]LogShaderCompilers: Guid format shader working directory is -22 characters bigger than the processId version (../../../../../../Users/u0840136/Documents/GitHub/robothuman/Robothuman/Intermediate/Shaders/WorkingDirectory/2204/).
[2018.08.29-19.10.10:554][  0]LogShaderCompilers: Cleaned the shader compiler working directory 'C:/Users/u0840136/AppData/Local/Temp/UnrealShaderWorkingDir/3F3C481444BCD58C268112B9A456E939/'.
[2018.08.29-19.10.10:779][  0]LogTemp: Display: Loaded TP AllDesktopTargetPlatform
[2018.08.29-19.10.10:791][  0]LogTemp: Display: Loaded TP MacClientTargetPlatform
[2018.08.29-19.10.10:804][  0]LogTemp: Display: Loaded TP MacNoEditorTargetPlatform
[2018.08.29-19.10.10:816][  0]LogTemp: Display: Loaded TP MacServerTargetPlatform
[2018.08.29-19.10.10:829][  0]LogTemp: Display: Loaded TP MacTargetPlatform
[2018.08.29-19.10.10:842][  0]LogTemp: Display: Loaded TP WindowsClientTargetPlatform
[2018.08.29-19.10.10:854][  0]LogTemp: Display: Loaded TP WindowsNoEditorTargetPlatform
[2018.08.29-19.10.10:867][  0]LogTemp: Display: Loaded TP WindowsServerTargetPlatform
[2018.08.29-19.10.10:873][  0]LogTemp: Display: Loaded TP WindowsTargetPlatform
[2018.08.29-19.10.10:945][  0]LogTemp: Display: Loaded TP AndroidTargetPlatform
[2018.08.29-19.10.10:945][  0]LogTemp: Display: Loaded TP AndroidTargetPlatform
[2018.08.29-19.10.10:945][  0]LogTemp: Display: Loaded TP AndroidTargetPlatform
[2018.08.29-19.10.10:945][  0]LogTemp: Display: Loaded TP AndroidTargetPlatform
[2018.08.29-19.10.10:945][  0]LogTemp: Display: Loaded TP AndroidTargetPlatform
[2018.08.29-19.10.10:945][  0]LogTemp: Display: Loaded TP AndroidTargetPlatform
[2018.08.29-19.10.10:945][  0]LogTemp: Display: Loaded TP AndroidTargetPlatform
[2018.08.29-19.10.10:945][  0]LogTemp: Display: Loaded TP AndroidTargetPlatform
[2018.08.29-19.10.10:945][  0]LogTemp: Display: Loaded TP AndroidTargetPlatform
[2018.08.29-19.10.10:945][  0]LogTemp: Display: Loaded TP AndroidTargetPlatform
[2018.08.29-19.10.10:946][  0]LogTemp: Display: Loaded TP AndroidTargetPlatform
[2018.08.29-19.10.10:946][  0]LogTemp: Display: Loaded TP AndroidTargetPlatform
[2018.08.29-19.10.10:946][  0]LogTemp: Display: Loaded TP AndroidTargetPlatform
[2018.08.29-19.10.10:946][  0]LogTemp: Display: Loaded TP AndroidTargetPlatform
[2018.08.29-19.10.10:946][  0]LogTemp: Display: Loaded TP AndroidTargetPlatform
[2018.08.29-19.10.10:946][  0]LogTemp: Display: Loaded TP AndroidTargetPlatform
[2018.08.29-19.10.10:946][  0]LogTemp: Display: Loaded TP AndroidTargetPlatform
[2018.08.29-19.10.10:946][  0]LogTemp: Display: Loaded TP AndroidTargetPlatform
[2018.08.29-19.10.10:947][  0]LogTemp: Display: Loaded TP HTML5TargetPlatform
[2018.08.29-19.10.11:005][  0]LogTemp: Display: Loaded TP IOSTargetPlatform
[2018.08.29-19.10.11:005][  0]LogTemp: Display: Loaded TP IOSTargetPlatform
[2018.08.29-19.10.11:027][  0]LogTemp: Display: Loaded TP TVOSTargetPlatform
[2018.08.29-19.10.11:027][  0]LogTemp: Display: Loaded TP TVOSTargetPlatform
[2018.08.29-19.10.11:038][  0]LogTemp: Display: Loaded TP LinuxClientTargetPlatform
[2018.08.29-19.10.11:049][  0]LogTemp: Display: Loaded TP LinuxNoEditorTargetPlatform
[2018.08.29-19.10.11:061][  0]LogTemp: Display: Loaded TP LinuxServerTargetPlatform
[2018.08.29-19.10.11:073][  0]LogTemp: Display: Loaded TP LinuxTargetPlatform
[2018.08.29-19.10.11:081][  0]LogTemp: Display: Loaded TP LuminTargetPlatform
[2018.08.29-19.10.11:081][  0]LogTargetPlatformManager: Display: Building Assets For Windows
[2018.08.29-19.10.11:135][  0]LogXGEController: Cannot use XGE Controller as Incredibuild is not installed on this machine.
[2018.08.29-19.10.11:135][  0]LogShaderCompilers: Cannot use XGE Shader Compiler as Incredibuild is not installed on this machine.
[2018.08.29-19.10.11:135][  0]LogShaderCompilers: Display: Using Local Shader Compiler.
[2018.08.29-19.10.11:791][  0]LogDerivedDataCache: Display: Max Cache Size: 512 MB
[2018.08.29-19.10.11:843][  0]LogDerivedDataCache: Loaded boot cache 0.05s 71MB C:/Users/u0840136/AppData/Local/UnrealEngine/4.20/DerivedDataCache/Boot.ddc.
[2018.08.29-19.10.11:844][  0]LogDerivedDataCache: Display: Loaded Boot cache: C:/Users/u0840136/AppData/Local/UnrealEngine/4.20/DerivedDataCache/Boot.ddc
[2018.08.29-19.10.11:844][  0]LogDerivedDataCache: FDerivedDataBackendGraph:  Pak pak cache file ../../../../../../Users/u0840136/Documents/GitHub/robothuman/Robothuman/DerivedDataCache/DDC.ddp not found, will not use a pak cache.
[2018.08.29-19.10.11:844][  0]LogDerivedDataCache: Unable to find inner node Pak for hierarchical cache Hierarchy.
[2018.08.29-19.10.11:844][  0]LogDerivedDataCache: FDerivedDataBackendGraph:  CompressedPak pak cache file ../../../../../../Users/u0840136/Documents/GitHub/robothuman/Robothuman/DerivedDataCache/Compressed.ddp not found, will not use a pak cache.
[2018.08.29-19.10.11:844][  0]LogDerivedDataCache: Unable to find inner node CompressedPak for hierarchical cache Hierarchy.
[2018.08.29-19.10.11:855][  0]LogDerivedDataCache: Display: Pak cache opened for reading ../../../Engine/DerivedDataCache/Compressed.ddp.
[2018.08.29-19.10.11:867][  0]LogDerivedDataCache: Using Local data cache path C:/Users/u0840136/AppData/Local/UnrealEngine/Common/DerivedDataCache: Writable
[2018.08.29-19.10.11:867][  0]LogDerivedDataCache: Shared data cache path not found in *engine.ini, will not use an Shared cache.
[2018.08.29-19.10.11:867][  0]LogDerivedDataCache: Unable to find inner node Shared for hierarchical cache Hierarchy.
[2018.08.29-19.10.11:883][  0]LogMaterial: Verifying Global Shaders for PCD3D_SM5
[2018.08.29-19.10.11:885][  0]LogSlate: Using FreeType 2.6.0
[2018.08.29-19.10.11:885][  0]LogSlate: SlateFontServices - WITH_FREETYPE: 1, WITH_HARFBUZZ: 1
[2018.08.29-19.10.11:952][  0]LogAssetRegistry: FAssetRegistry took 0.0264 seconds to start up
[2018.08.29-19.10.12:243][  0]LogInit: Selected Device Profile: [Windows]
[2018.08.29-19.10.12:355][  0]LogSimplygon: Simplygon DLL not present - disabling.
[2018.08.29-19.10.12:358][  0]LogMeshReduction: Using SimplygonSwarm for distributed automatic mesh merging
[2018.08.29-19.10.12:358][  0]LogMeshReduction: Using ProxyLODMeshReduction for automatic mesh merging
[2018.08.29-19.10.12:358][  0]LogMeshReduction: Using QuadricMeshReduction for automatic static mesh reduction
[2018.08.29-19.10.12:358][  0]LogMeshReduction: No automatic skeletal mesh reduction module available
[2018.08.29-19.10.12:377][  0]LogNetVersion: Robothuman 1.0.0, NetCL: 4212847, EngineNetVer: 5, GameNetVer: 0 (Checksum: 2753499238)
[2018.08.29-19.10.12:802][  0]LogPackageLocalizationCache: Processed 10 localized package path(s) for 2 prioritized culture(s) in 0.075929 seconds
[2018.08.29-19.10.12:807][  0]LogUObjectArray: 38425 objects as part of root set at end of initial load.
[2018.08.29-19.10.12:807][  0]LogUObjectAllocator: 6690872 out of 0 bytes used by permanent object pool.
[2018.08.29-19.10.12:807][  0]LogUObjectArray: CloseDisregardForGC: 0/0 objects in disregard for GC pool
[2018.08.29-19.10.13:541][  0]LogTcpMessaging: Initializing TcpMessaging bridge
[2018.08.29-19.10.13:553][  0]LogUdpMessaging: Initializing bridge on interface 0.0.0.0:0 to multicast group 230.0.0.1:6666.
[2018.08.29-19.10.13:683][  0]SourceControl: Source control is disabled
[2018.08.29-19.10.13:683][  0]SourceControl: Source control is disabled
[2018.08.29-19.10.13:684][  0]SourceControl: Source control is disabled
[2018.08.29-19.10.13:685][  0]SourceControl: Source control is disabled
[2018.08.29-19.10.13:823][  0]LogAndroidPermission: UAndroidPermissionCallbackProxy::GetInstance
[2018.08.29-19.10.13:891][  0]LogOcInput: OculusInput pre-init called
[2018.08.29-19.10.13:945][  0]LogEngine: Initializing Engine...
[2018.08.29-19.10.13:946][  0]LogHMD: Failed to initialize OpenVR with code 110
[2018.08.29-19.10.13:947][  0]LogStats: UGameplayTagsManager::ConstructGameplayTagTree: ImportINI prefixes -  0.000 s
[2018.08.29-19.10.13:947][  0]LogStats: UGameplayTagsManager::ConstructGameplayTagTree: Construct from data asset -  0.000 s
[2018.08.29-19.10.13:947][  0]LogStats: UGameplayTagsManager::ConstructGameplayTagTree: ImportINI -  0.000 s
[2018.08.29-19.10.13:947][  0]LogStats: UGameplayTagsManager::ConstructGameplayTagTree: GameplayTagTreeChangedEvent.Broadcast -  0.000 s
[2018.08.29-19.10.14:130][  0]LogInit: Initializing FReadOnlyCVARCache
[2018.08.29-19.10.14:143][  0]LogAIModule: Creating AISystem for world Untitled
[2018.08.29-19.10.14:160][  0]LogInit: XAudio2 using 'DELL UZ2315H (NVIDIA High Definition Audio)' : 2 channels at 48 kHz using 16 bits per sample (channel mask 0x3)
[2018.08.29-19.10.14:172][  0]LogInit: FAudioDevice initialized.
[2018.08.29-19.10.14:173][  0]LogNetVersion: Set ProjectVersion to 1.0.0.0. Version Checksum will be recalculated on next use.
[2018.08.29-19.10.14:281][  0]LogDerivedDataCache: Saved boot cache 0.11s 71MB C:/Users/u0840136/AppData/Local/UnrealEngine/4.20/DerivedDataCache/Boot.ddc.
[2018.08.29-19.10.14:290][  0]LogInit: Texture streaming: Enabled
[2018.08.29-19.10.14:304][  0]LogEngineSessionManager: EngineSessionManager initialized
[2018.08.29-19.10.14:317][  0]LogInit: Transaction tracking system initialized
[2018.08.29-19.10.14:335][  0]BlueprintLog: New page: Editor Load
[2018.08.29-19.10.14:398][  0]LocalizationService: Localization service is disabled
[2018.08.29-19.10.14:624][  0]LogCook: Display: Max memory allowance for cook 16384mb min free memory 0mb
[2018.08.29-19.10.14:624][  0]LogCook: Display: Mobile HDR setting 1
[2018.08.29-19.10.14:624][  0]LogGameplayTags: Display: UGameplayTagsManager::DoneAddingNativeTags. DelegateIsBound: 0
[2018.08.29-19.10.14:624][  0]LogStats: UGameplayTagsManager::ConstructGameplayTagTree: ImportINI prefixes -  0.000 s
[2018.08.29-19.10.14:624][  0]LogStats: UGameplayTagsManager::ConstructGameplayTagTree: Construct from data asset -  0.000 s
[2018.08.29-19.10.14:624][  0]LogStats: UGameplayTagsManager::ConstructGameplayTagTree: ImportINI -  0.000 s
[2018.08.29-19.10.14:624][  0]LogStats: UGameplayTagsManager::ConstructGameplayTagTree: GameplayTagTreeChangedEvent.Broadcast -  0.000 s
[2018.08.29-19.10.14:730][  0]LogFileCache: Scanning file cache for directory 'C:/Users/u0840136/Documents/GitHub/robothuman/Robothuman/Content/' took 0.02s
[2018.08.29-19.10.14:730][  0]SourceControl: Source control is disabled
[2018.08.29-19.10.14:730][  0]Cmd: MAP LOAD FILE="../../../../../../Users/u0840136/Documents/GitHub/robothuman/Robothuman/Content/FirstPersonBP/Maps/FirstPersonExampleMap.umap" TEMPLATE=0 SHOWPROGRESS=1 FEATURELEVEL=3
[2018.08.29-19.10.14:731][  0]LightingResults: New page: Lighting Build
[2018.08.29-19.10.14:733][  0]MapCheck: New page: Map Check
[2018.08.29-19.10.14:733][  0]LightingResults: New page: Lighting Build
[2018.08.29-19.10.15:175][  0]LogAIModule: Creating AISystem for world FirstPersonExampleMap
[2018.08.29-19.10.15:185][  0]LogEditorServer: Finished looking for orphan Actors (0.000 secs)
[2018.08.29-19.10.15:205][  0]Cmd: MAP CHECKDEP NOCLEARLOG
[2018.08.29-19.10.15:268][  0]MapCheck: Map check complete: 0 Error(s), 0 Warning(s), took 62.997ms to complete.
[2018.08.29-19.10.15:269][  0]LogFileHelpers: Loading map 'FirstPersonExampleMap' took 0.539
[2018.08.29-19.10.15:365][  0]LogSlate: Updating window title bar state: overlay mode, drag disabled, window buttons hidden, title bar hidden
[2018.08.29-19.10.15:372][  0]LogSlate: Updating window title bar state: overlay mode, drag disabled, window buttons hidden, title bar hidden
[2018.08.29-19.10.15:379][  0]LogSlate: Updating window title bar state: overlay mode, drag disabled, window buttons hidden, title bar hidden
[2018.08.29-19.10.15:386][  0]LogSlate: Updating window title bar state: overlay mode, drag disabled, window buttons hidden, title bar hidden
[2018.08.29-19.10.15:391][  0]LogCollectionManager: Loaded 0 collections in 0.001238 seconds
[2018.08.29-19.10.15:434][  0]LogFileCache: Scanning file cache for directory 'C:/Users/u0840136/Documents/GitHub/robothuman/Robothuman/Saved/Collections/' took 0.01s
[2018.08.29-19.10.15:434][  0]LogFileCache: Scanning file cache for directory 'C:/Users/u0840136/Documents/GitHub/robothuman/Robothuman/Content/Developers/u0840136/Collections/' took 0.01s
[2018.08.29-19.10.15:434][  0]LogFileCache: Scanning file cache for directory 'C:/Users/u0840136/Documents/GitHub/robothuman/Robothuman/Content/Collections/' took 0.01s
[2018.08.29-19.10.15:434][  0]LogCollectionManager: Rebuilt the GUID cache for 0 collections in 0.000000 seconds
[2018.08.29-19.10.15:442][  0]LogContentBrowser: Native class hierarchy populated in 0.0084 seconds. Added 2532 classes and 598 folders.
[2018.08.29-19.10.15:449][  0]LogContentBrowser: Native class hierarchy updated for 'WidgetCarousel' in 0.0002 seconds. Added 0 classes and 0 folders.
[2018.08.29-19.10.15:492][  0]LogContentBrowser: Native class hierarchy updated for 'AddContentDialog' in 0.0002 seconds. Added 0 classes and 0 folders.
[2018.08.29-19.10.15:496][  0]LogContentBrowser: Native class hierarchy updated for 'SceneOutliner' in 0.0002 seconds. Added 1 classes and 2 folders.
[2018.08.29-19.10.15:536][  0]LogContentBrowser: Native class hierarchy updated for 'HierarchicalLODOutliner' in 0.0002 seconds. Added 0 classes and 0 folders.
[2018.08.29-19.10.15:537][  0]LogLoad: (Engine Initialization) Total time: 7.27 seconds
[2018.08.29-19.10.15:537][  0]LogLoad: (Engine Initialization) Total Blueprint compile time: 0.00 seconds
[2018.08.29-19.10.15:547][  0]LogWindowsTextInputMethodSystem: Display: IME system now deactivated.
[2018.08.29-19.10.15:566][  0]LogContentStreaming: Texture pool size now 3000 MB
[2018.08.29-19.10.15:568][  0]LogSlate: Took 0.000253 seconds to synchronously load lazily loaded font '../../../Engine/Content/Slate/Fonts/Roboto-Regular.ttf' (155K)
[2018.08.29-19.10.15:569][  0]LogSlate: Took 0.000118 seconds to synchronously load lazily loaded font '../../../Engine/Content/Slate/Fonts/Roboto-Bold.ttf' (160K)
[2018.08.29-19.10.15:574][  0]LogSlate: Took 0.000152 seconds to synchronously load lazily loaded font '../../../Engine/Content/Editor/Slate/Fonts/FontAwesome.ttf' (139K)
[2018.08.29-19.10.15:682][  1]LogRenderer: Reallocating scene render targets to support 800x352 Format 10 NumSamples 1 (Frame:1).
[2018.08.29-19.10.15:682][  1]LogAssetRegistry: Asset discovery search completed in 3.7531 seconds
[2018.08.29-19.10.15:685][  1]LogCollectionManager: Rebuilt the object cache for 0 collections in 0.000000 seconds (found 0 objects)
[2018.08.29-19.10.15:685][  1]LogCollectionManager: Fixed up redirectors for 0 collections in 0.000067 seconds (updated 0 objects)
[2018.08.29-19.10.23:293][626]LogRenderer: Reallocating scene render targets to support 800x364 Format 10 NumSamples 1 (Frame:628).
[2018.08.29-19.10.23:340][626]LogRenderer: Reallocating scene render targets to support 800x388 Format 10 NumSamples 1 (Frame:629).
[2018.08.29-19.10.23:382][626]LogRenderer: Reallocating scene render targets to support 800x412 Format 10 NumSamples 1 (Frame:630).
[2018.08.29-19.10.23:431][626]LogRenderer: Reallocating scene render targets to support 800x428 Format 10 NumSamples 1 (Frame:631).
[2018.08.29-19.10.23:472][626]LogRenderer: Reallocating scene render targets to support 800x452 Format 10 NumSamples 1 (Frame:632).
[2018.08.29-19.10.23:522][626]LogRenderer: Reallocating scene render targets to support 800x464 Format 10 NumSamples 1 (Frame:633).
[2018.08.29-19.10.23:564][626]LogRenderer: Reallocating scene render targets to support 800x484 Format 10 NumSamples 1 (Frame:634).
[2018.08.29-19.10.23:605][626]LogRenderer: Reallocating scene render targets to support 800x496 Format 10 NumSamples 1 (Frame:635).
[2018.08.29-19.10.23:646][626]LogRenderer: Reallocating scene render targets to support 800x500 Format 10 NumSamples 1 (Frame:636).
[2018.08.29-19.10.23:688][626]LogRenderer: Reallocating scene render targets to support 800x504 Format 10 NumSamples 1 (Frame:637).
[2018.08.29-19.10.24:078][626]LogRenderer: Reallocating scene render targets to support 800x512 Format 10 NumSamples 1 (Frame:639).
[2018.08.29-19.10.24:133][626]LogRenderer: Reallocating scene render targets to support 800x516 Format 10 NumSamples 1 (Frame:640).
[2018.08.29-19.10.26:074][836]LogSlate: FSceneViewport::OnFocusLost() reason 0
[2018.08.29-19.10.38:350][295]LogBlueprint: Warning: [Compiler HUD] Could not find a variable named "Power" in 'FirstPersonCharacter_C'.
Make sure 'FirstPersonCharacter_C' has been compiled for  Get Power
[2018.08.29-19.10.38:350][295]LogBlueprint: Warning: [Compiler HUD] Could not find a variable named "Repair" in 'FirstPersonCharacter_C'.
Make sure 'FirstPersonCharacter_C' has been compiled for  Get Repair
[2018.08.29-19.10.38:351][295]LogBlueprint: Warning: [Compiler HUD] Could not find a variable named "Physiological" in 'FirstPersonCharacter_C'.
Make sure 'FirstPersonCharacter_C' has been compiled for  Get Physiological
[2018.08.29-19.10.38:351][295]LogBlueprint: Error: [Compiler HUD] The property associated with  Power  could not be found in '/Game/Blueprints/HUD.HUD_C'
[2018.08.29-19.10.38:351][295]LogBlueprint: Error: [Compiler HUD] The property associated with  Repair  could not be found in '/Game/Blueprints/HUD.HUD_C'
[2018.08.29-19.10.38:351][295]LogBlueprint: Error: [Compiler HUD] The property associated with  Physiological  could not be found in '/Game/Blueprints/HUD.HUD_C'
[2018.08.29-19.10.38:352][295]LogBlueprint: Warning: [Compiler HUD] [0030.08] Compile of HUD failed. 3 Fatal Issue(s) 3 Warning(s) [in 4 ms] (/Game/Blueprints/HUD.HUD)
[2018.08.29-19.10.38:400][295]LogSlate: Took 0.000246 seconds to synchronously load lazily loaded font '../../../Engine/Content/Slate/Fonts/Roboto-Light.ttf' (167K)
[2018.08.29-19.10.38:407][295]LogAssetEditorManager: Opening Asset editor for WidgetBlueprint /Game/Blueprints/HUD.HUD
[2018.08.29-19.10.38:817][295]LogContentBrowser: Native class hierarchy updated for 'BlueprintGraph' in 0.0006 seconds. Added 116 classes and 0 folders.
[2018.08.29-19.10.39:498][295]LogSlate: Took 0.000185 seconds to synchronously load lazily loaded font '../../../Engine/Content/Slate/Fonts/Roboto-BoldCondensed.ttf' (158K)
[2018.08.29-19.11.58:621][360]LogRenderer: Reallocating scene render targets to support 812x516 Format 10 NumSamples 1 (Frame:8193).
[2018.08.29-19.11.58:671][360]LogRenderer: Reallocating scene render targets to support 852x516 Format 10 NumSamples 1 (Frame:8194).
[2018.08.29-19.11.58:718][360]LogRenderer: Reallocating scene render targets to support 884x516 Format 10 NumSamples 1 (Frame:8195).
[2018.08.29-19.11.58:767][360]LogRenderer: Reallocating scene render targets to support 908x516 Format 10 NumSamples 1 (Frame:8196).
[2018.08.29-19.11.58:815][360]LogRenderer: Reallocating scene render targets to support 932x516 Format 10 NumSamples 1 (Frame:8197).
[2018.08.29-19.11.58:857][360]LogRenderer: Reallocating scene render targets to support 944x516 Format 10 NumSamples 1 (Frame:8198).
[2018.08.29-19.11.58:905][360]LogRenderer: Reallocating scene render targets to support 948x516 Format 10 NumSamples 1 (Frame:8199).
[2018.08.29-19.11.59:318][360]LogRenderer: Reallocating scene render targets to support 952x516 Format 10 NumSamples 1 (Frame:8201).
[2018.08.29-19.11.59:378][360]LogRenderer: Reallocating scene render targets to support 956x516 Format 10 NumSamples 1 (Frame:8202).
[2018.08.29-19.12.01:119][537]LogRenderer: Reallocating scene render targets to support 960x516 Format 10 NumSamples 1 (Frame:8382).
[2018.08.29-19.12.01:168][537]LogRenderer: Reallocating scene render targets to support 980x516 Format 10 NumSamples 1 (Frame:8383).
[2018.08.29-19.12.01:218][537]LogRenderer: Reallocating scene render targets to support 1020x516 Format 10 NumSamples 1 (Frame:8384).
[2018.08.29-19.12.01:266][537]LogRenderer: Reallocating scene render targets to support 1068x516 Format 10 NumSamples 1 (Frame:8385).
[2018.08.29-19.12.01:315][537]LogRenderer: Reallocating scene render targets to support 1100x516 Format 10 NumSamples 1 (Frame:8386).
[2018.08.29-19.12.01:364][537]LogRenderer: Reallocating scene render targets to support 1132x516 Format 10 NumSamples 1 (Frame:8387).
[2018.08.29-19.12.01:413][537]LogRenderer: Reallocating scene render targets to support 1152x516 Format 10 NumSamples 1 (Frame:8388).
[2018.08.29-19.12.01:462][537]LogRenderer: Reallocating scene render targets to support 1168x516 Format 10 NumSamples 1 (Frame:8389).
[2018.08.29-19.12.01:510][537]LogRenderer: Reallocating scene render targets to support 1172x516 Format 10 NumSamples 1 (Frame:8390).
[2018.08.29-19.12.01:959][537]LogRenderer: Reallocating scene render targets to support 1176x516 Format 10 NumSamples 1 (Frame:8393).
[2018.08.29-19.12.02:083][537]LogRenderer: Reallocating scene render targets to support 1180x516 Format 10 NumSamples 1 (Frame:8395).
[2018.08.29-19.12.19:290][574]LogAssetEditorManager: Opening Asset editor for Blueprint /Game/FirstPersonBP/Blueprints/FirstPersonCharacter.FirstPersonCharacter
[2018.08.29-19.12.19:804][575]LogSlate: Took 0.004143 seconds to synchronously load lazily loaded font '../../../Engine/Content/Slate/Fonts/Roboto-Italic.ttf' (157K)
[2018.08.29-19.12.38:959][725]LogSlate: Took 0.004606 seconds to synchronously load lazily loaded font '../../../Engine/Content/Slate/Fonts/Roboto-BoldCondensedItalic.ttf' (160K)
[2018.08.29-19.13.45:322][583]BlueprintLog: New page: Compile FirstPersonCharacter
[2018.08.29-19.13.47:062][641]LogSavePackage: Moving '../../../../../../Users/u0840136/Documents/GitHub/robothuman/Robothuman/Saved/FirstPersonCharacter8520891D48628B5B206330B5B0C05822.tmp' to '../../../../../../Users/u0840136/Documents/GitHub/robothuman/Robothuman/Content/FirstPersonBP/Blueprints/FirstPersonCharacter.uasset'
[2018.08.29-19.13.48:685][713]LogSlate: Window 'FirstPersonCharacter' being destroyed
[2018.08.29-19.13.48:689][713]LogSlate: Window 'FirstPersonCharacter' being destroyed
[2018.08.29-19.15.21:447][169]BlueprintLog: New page: Compile HUD
[2018.08.29-19.15.22:385][271]Cmd: OBJ SAVEPACKAGE PACKAGE="/Game/Blueprints/HUD" FILE="../../../../../../Users/u0840136/Documents/GitHub/robothuman/Robothuman/Content/Blueprints/HUD.uasset" SILENT=true
[2018.08.29-19.15.22:415][271]LogSavePackage: Moving '../../../../../../Users/u0840136/Documents/GitHub/robothuman/Robothuman/Saved/HUDCF6BD8694184DB66F753FE95BF39F2D3.tmp' to '../../../../../../Users/u0840136/Documents/GitHub/robothuman/Robothuman/Content/Blueprints/HUD.uasset'
[2018.08.29-19.15.24:263][486]LogSlate: Window 'HUD' being destroyed
[2018.08.29-19.15.24:266][486]LogSlate: Window 'HUD' being destroyed
[2018.08.29-19.15.28:670][  1]LogAssetEditorManager: Opening Asset editor for LevelScriptBlueprint /Game/FirstPersonBP/Maps/FirstPersonExampleMap.FirstPersonExampleMap:PersistentLevel.FirstPersonExampleMap
[2018.08.29-19.15.43:287][349]LogSlate: Window 'FirstPersonExampleMap* - Level Blueprint Editor' being destroyed
[2018.08.29-19.15.43:291][349]LogSlate: Window 'FirstPersonExampleMap* - Level Blueprint Editor' being destroyed
[2018.08.29-19.15.46:037][667]LogAssetEditorManager: Opening Asset editor for LevelScriptBlueprint /Game/FirstPersonBP/Maps/FirstPersonExampleMap.FirstPersonExampleMap:PersistentLevel.FirstPersonExampleMap
[2018.08.29-19.16.23:559][ 24]BlueprintLog: New page: Compile FirstPersonExampleMap
[2018.08.29-19.16.24:406][ 75]LogSavePackage: Moving '../../../../../../Users/u0840136/Documents/GitHub/robothuman/Robothuman/Saved/FirstPersonExampleMap886199144881CD0E964DF0928D1C9EEF.tmp' to '../../../../../../Users/u0840136/Documents/GitHub/robothuman/Robothuman/Content/FirstPersonBP/Maps/FirstPersonExampleMap.umap'
[2018.08.29-19.16.24:431][ 75]LogFileHelpers: Saving map 'FirstPersonExampleMap' took 0.290
[2018.08.29-19.16.26:242][290]LogSlate: Window 'FirstPersonExampleMap - Level Blueprint Editor' being destroyed
[2018.08.29-19.16.26:247][290]LogSlate: Window 'FirstPersonExampleMap - Level Blueprint Editor' being destroyed
[2018.08.29-19.16.27:477][432]LogTemp: Repeating last play command: Selected Viewport
[2018.08.29-19.16.27:502][432]LogBlueprintUserMessages: Early PlayInEditor Detection: Level '/Game/FirstPersonBP/Maps/FirstPersonExampleMap.FirstPersonExampleMap:PersistentLevel' has LevelScriptBlueprint '/Game/FirstPersonBP/Maps/FirstPersonExampleMap.FirstPersonExampleMap:PersistentLevel.FirstPersonExampleMap' with GeneratedClass '/Game/FirstPersonBP/Maps/FirstPersonExampleMap.FirstPersonExampleMap_C' with ClassGeneratedBy '/Game/FirstPersonBP/Maps/FirstPersonExampleMap.FirstPersonExampleMap:PersistentLevel.FirstPersonExampleMap'
[2018.08.29-19.16.27:502][432]LogPlayLevel: PlayLevel: No blueprints needed recompiling
[2018.08.29-19.16.27:514][432]PIE: New page: PIE session: FirstPersonExampleMap (Aug 29, 2018, 7:16:27 AM)
[2018.08.29-19.16.27:514][432]LogPlayLevel: Creating play world package: /Game/FirstPersonBP/Maps/UEDPIE_0_FirstPersonExampleMap
[2018.08.29-19.16.27:526][432]LogPlayLevel: PIE: StaticDuplicateObject took: (0.012175s)
[2018.08.29-19.16.27:527][432]LogAIModule: Creating AISystem for world FirstPersonExampleMap
[2018.08.29-19.16.27:527][432]LogPlayLevel: PIE: World Init took: (0.000698s)
[2018.08.29-19.16.27:527][432]LogPlayLevel: PIE: Created PIE world by copying editor world from /Game/FirstPersonBP/Maps/FirstPersonExampleMap.FirstPersonExampleMap to /Game/FirstPersonBP/Maps/UEDPIE_0_FirstPersonExampleMap.FirstPersonExampleMap (0.013014s)
[2018.08.29-19.16.27:569][432]LogInit: XAudio2 using 'DELL UZ2315H (NVIDIA High Definition Audio)' : 2 channels at 48 kHz using 16 bits per sample (channel mask 0x3)
[2018.08.29-19.16.27:577][432]LogInit: FAudioDevice initialized.
[2018.08.29-19.16.27:619][432]LogLoad: Game class is 'FirstPersonGameMode_C'
[2018.08.29-19.16.27:621][432]LogWorld: Bringing World /Game/FirstPersonBP/Maps/UEDPIE_0_FirstPersonExampleMap.FirstPersonExampleMap up for play (max tick rate 0) at 2018.08.29-13.16.27
[2018.08.29-19.16.27:622][432]LogWorld: Bringing up level for play took: 0.001971
[2018.08.29-19.16.27:643][432]LogContentBrowser: Native class hierarchy updated for 'MovieSceneCapture' in 0.0003 seconds. Added 10 classes and 0 folders.
[2018.08.29-19.16.27:644][432]PIE: Play in editor start time for /Game/FirstPersonBP/Maps/UEDPIE_0_FirstPersonExampleMap 0.081
[2018.08.29-19.16.27:644][432]LogBlueprintUserMessages: Late PlayInEditor Detection: Level '/Game/FirstPersonBP/Maps/FirstPersonExampleMap.FirstPersonExampleMap:PersistentLevel' has LevelScriptBlueprint '/Game/FirstPersonBP/Maps/FirstPersonExampleMap.FirstPersonExampleMap:PersistentLevel.FirstPersonExampleMap' with GeneratedClass '/Game/FirstPersonBP/Maps/FirstPersonExampleMap.FirstPersonExampleMap_C' with ClassGeneratedBy '/Game/FirstPersonBP/Maps/FirstPersonExampleMap.FirstPersonExampleMap:PersistentLevel.FirstPersonExampleMap'
[2018.08.29-19.16.42:679][230]LogBlueprintUserMessages: Early EndPlayMap Detection: Level '/Game/FirstPersonBP/Maps/FirstPersonExampleMap.FirstPersonExampleMap:PersistentLevel' has LevelScriptBlueprint '/Game/FirstPersonBP/Maps/FirstPersonExampleMap.FirstPersonExampleMap:PersistentLevel.FirstPersonExampleMap' with GeneratedClass '/Game/FirstPersonBP/Maps/FirstPersonExampleMap.FirstPersonExampleMap_C' with ClassGeneratedBy '/Game/FirstPersonBP/Maps/FirstPersonExampleMap.FirstPersonExampleMap:PersistentLevel.FirstPersonExampleMap'
[2018.08.29-19.16.42:679][230]LogSlate: Updating window title bar state: overlay mode, drag disabled, window buttons hidden, title bar hidden
[2018.08.29-19.16.42:710][230]LogPlayLevel: Display: Shutting down PIE online subsystems
[2018.08.29-19.16.42:710][230]LogBlueprintUserMessages: Late EndPlayMap Detection: Level '/Game/FirstPersonBP/Maps/FirstPersonExampleMap.FirstPersonExampleMap:PersistentLevel' has LevelScriptBlueprint '/Game/FirstPersonBP/Maps/FirstPersonExampleMap.FirstPersonExampleMap:PersistentLevel.FirstPersonExampleMap' with GeneratedClass '/Game/FirstPersonBP/Maps/FirstPersonExampleMap.FirstPersonExampleMap_C' with ClassGeneratedBy '/Game/FirstPersonBP/Maps/FirstPersonExampleMap.FirstPersonExampleMap:PersistentLevel.FirstPersonExampleMap'
[2018.08.29-19.16.42:732][230]LogSlate: Updating window title bar state: overlay mode, drag disabled, window buttons hidden, title bar hidden
[2018.08.29-19.16.42:783][234]LogPlayLevel: Display: Destroying online subsystem :Context_8
[2018.08.29-19.16.46:413][668]LogSlate: FSceneViewport::OnFocusLost() reason 0
[2018.08.29-19.18.15:574][271]LogTemp: Repeating last play command: Selected Viewport
[2018.08.29-19.18.15:588][271]LogBlueprintUserMessages: Early PlayInEditor Detection: Level '/Game/FirstPersonBP/Maps/FirstPersonExampleMap.FirstPersonExampleMap:PersistentLevel' has LevelScriptBlueprint '/Game/FirstPersonBP/Maps/FirstPersonExampleMap.FirstPersonExampleMap:PersistentLevel.FirstPersonExampleMap' with GeneratedClass '/Game/FirstPersonBP/Maps/FirstPersonExampleMap.FirstPersonExampleMap_C' with ClassGeneratedBy '/Game/FirstPersonBP/Maps/FirstPersonExampleMap.FirstPersonExampleMap:PersistentLevel.FirstPersonExampleMap'
[2018.08.29-19.18.15:588][271]LogPlayLevel: PlayLevel: No blueprints needed recompiling
[2018.08.29-19.18.15:588][271]PIE: New page: PIE session: FirstPersonExampleMap (Aug 29, 2018, 7:18:15 AM)
[2018.08.29-19.18.15:588][271]LogPlayLevel: Creating play world package: /Game/FirstPersonBP/Maps/UEDPIE_0_FirstPersonExampleMap
[2018.08.29-19.18.15:601][271]LogPlayLevel: PIE: StaticDuplicateObject took: (0.012841s)
[2018.08.29-19.18.15:602][271]LogAIModule: Creating AISystem for world FirstPersonExampleMap
[2018.08.29-19.18.15:602][271]LogPlayLevel: PIE: World Init took: (0.000997s)
[2018.08.29-19.18.15:602][271]LogPlayLevel: PIE: Created PIE world by copying editor world from /Game/FirstPersonBP/Maps/FirstPersonExampleMap.FirstPersonExampleMap to /Game/FirstPersonBP/Maps/UEDPIE_0_FirstPersonExampleMap.FirstPersonExampleMap (0.014022s)
[2018.08.29-19.18.15:638][271]LogInit: XAudio2 using 'DELL UZ2315H (NVIDIA High Definition Audio)' : 2 channels at 48 kHz using 16 bits per sample (channel mask 0x3)
[2018.08.29-19.18.15:645][271]LogInit: FAudioDevice initialized.
[2018.08.29-19.18.15:677][271]LogLoad: Game class is 'FirstPersonGameMode_C'
[2018.08.29-19.18.15:680][271]LogWorld: Bringing World /Game/FirstPersonBP/Maps/UEDPIE_0_FirstPersonExampleMap.FirstPersonExampleMap up for play (max tick rate 0) at 2018.08.29-13.18.15
[2018.08.29-19.18.15:681][271]LogWorld: Bringing up level for play took: 0.002156
[2018.08.29-19.18.15:694][271]PIE: Play in editor start time for /Game/FirstPersonBP/Maps/UEDPIE_0_FirstPersonExampleMap 0.13
[2018.08.29-19.18.15:694][271]LogBlueprintUserMessages: Late PlayInEditor Detection: Level '/Game/FirstPersonBP/Maps/FirstPersonExampleMap.FirstPersonExampleMap:PersistentLevel' has LevelScriptBlueprint '/Game/FirstPersonBP/Maps/FirstPersonExampleMap.FirstPersonExampleMap:PersistentLevel.FirstPersonExampleMap' with GeneratedClass '/Game/FirstPersonBP/Maps/FirstPersonExampleMap.FirstPersonExampleMap_C' with ClassGeneratedBy '/Game/FirstPersonBP/Maps/FirstPersonExampleMap.FirstPersonExampleMap:PersistentLevel.FirstPersonExampleMap'
[2018.08.29-19.18.31:384][151]LogBlueprintUserMessages: Early EndPlayMap Detection: Level '/Game/FirstPersonBP/Maps/FirstPersonExampleMap.FirstPersonExampleMap:PersistentLevel' has LevelScriptBlueprint '/Game/FirstPersonBP/Maps/FirstPersonExampleMap.FirstPersonExampleMap:PersistentLevel.FirstPersonExampleMap' with GeneratedClass '/Game/FirstPersonBP/Maps/FirstPersonExampleMap.FirstPersonExampleMap_C' with ClassGeneratedBy '/Game/FirstPersonBP/Maps/FirstPersonExampleMap.FirstPersonExampleMap:PersistentLevel.FirstPersonExampleMap'
[2018.08.29-19.18.31:384][151]LogSlate: Updating window title bar state: overlay mode, drag disabled, window buttons hidden, title bar hidden
[2018.08.29-19.18.31:416][151]LogPlayLevel: Display: Shutting down PIE online subsystems
[2018.08.29-19.18.31:416][151]LogBlueprintUserMessages: Late EndPlayMap Detection: Level '/Game/FirstPersonBP/Maps/FirstPersonExampleMap.FirstPersonExampleMap:PersistentLevel' has LevelScriptBlueprint '/Game/FirstPersonBP/Maps/FirstPersonExampleMap.FirstPersonExampleMap:PersistentLevel.FirstPersonExampleMap' with GeneratedClass '/Game/FirstPersonBP/Maps/FirstPersonExampleMap.FirstPersonExampleMap_C' with ClassGeneratedBy '/Game/FirstPersonBP/Maps/FirstPersonExampleMap.FirstPersonExampleMap:PersistentLevel.FirstPersonExampleMap'
[2018.08.29-19.18.31:442][151]LogSlate: Updating window title bar state: overlay mode, drag disabled, window buttons hidden, title bar hidden
[2018.08.29-19.18.31:485][154]LogPlayLevel: Display: Destroying online subsystem :Context_9
[2018.08.29-19.18.35:937][686]LogSlate: FSceneViewport::OnFocusLost() reason 0
[2018.08.29-19.48.55:723][635]LogAssetEditorManager: Opening Asset editor for WidgetBlueprint /Game/Blueprints/HUD.HUD
[2018.08.29-19.49.02:505][149]LogSlate: Window 'HUD' being destroyed
[2018.08.29-19.49.02:508][149]LogSlate: Window 'HUD' being destroyed
[2018.08.29-19.49.46:366][658]LogAssetEditorManager: Opening Asset editor for WidgetBlueprint /Game/Blueprints/HUD.HUD
[2018.08.29-19.49.50:686][998]LogSlate: Window 'HUD' being destroyed
[2018.08.29-19.49.50:689][998]LogSlate: Window 'HUD' being destroyed
[2018.08.29-19.49.51:799][116]LogSlate: Window 'Robothuman - Unreal Editor' being destroyed
[2018.08.29-19.49.52:010][117]Cmd: QUIT_EDITOR
[2018.08.29-19.49.52:277][117]LogWindowsTextInputMethodSystem: Display: IME system now deactivated.
[2018.08.29-19.49.52:290][117]LogExit: Preparing to exit.
[2018.08.29-19.49.52:866][117]LogExit: Editor shut down
[2018.08.29-19.49.52:867][117]LogExit: Transaction tracking system shut down
[2018.08.29-19.49.53:237][117]LogExit: Object subsystem successfully closed.
[2018.08.29-19.49.53:257][117]LogShaderCompilers: Display: Shaders left to compile 0
[2018.08.29-19.49.53:260][117]LogD3D11RHI: Shutdown
[2018.08.29-19.49.53:260][117]LogD3D11RHI: CleanupD3DDevice
[2018.08.29-19.49.53:262][117]LogD3D11RHI: ~FD3D11DynamicRHI
[2018.08.29-19.49.53:278][117]LogModuleManager: Shutting down and abandoning module MovieSceneCapture (614)
[2018.08.29-19.49.53:278][117]LogModuleManager: Shutting down and abandoning module Voice (612)
[2018.08.29-19.49.53:278][117]LogModuleManager: Shutting down and abandoning module SequencerWidgets (610)
[2018.08.29-19.49.53:278][117]LogModuleManager: Shutting down and abandoning module BlueprintGraph (608)
[2018.08.29-19.49.53:278][117]LogModuleManager: Shutting down and abandoning module HierarchicalLODOutliner (606)
[2018.08.29-19.49.53:278][117]LogModuleManager: Shutting down and abandoning module SceneOutliner (604)
[2018.08.29-19.49.53:278][117]LogModuleManager: Shutting down and abandoning module AddContentDialog (602)
[2018.08.29-19.49.53:278][117]LogModuleManager: Shutting down and abandoning module WidgetCarousel (601)
[2018.08.29-19.49.53:278][117]LogModuleManager: Shutting down and abandoning module EditorWidgets (598)
[2018.08.29-19.49.53:278][117]LogModuleManager: Shutting down and abandoning module CollectionManager (596)
[2018.08.29-19.49.53:279][117]LogModuleManager: Shutting down and abandoning module StatsViewer (594)
[2018.08.29-19.49.53:279][117]LogModuleManager: Shutting down and abandoning module FoliageEdit (592)
[2018.08.29-19.49.53:279][117]LogModuleManager: Shutting down and abandoning module LandscapeEditor (590)
[2018.08.29-19.49.53:279][117]LogModuleManager: Shutting down and abandoning module MeshPaintMode (588)
[2018.08.29-19.49.53:279][117]LogModuleManager: Shutting down and abandoning module SceneDepthPickerMode (586)
[2018.08.29-19.49.53:279][117]LogModuleManager: Shutting down and abandoning module ActorPickerMode (584)
[2018.08.29-19.49.53:279][117]LogModuleManager: Shutting down and abandoning module GeometryMode (582)
[2018.08.29-19.49.53:279][117]LogModuleManager: Shutting down and abandoning module TextureAlignMode (580)
[2018.08.29-19.49.53:279][117]LogModuleManager: Shutting down and abandoning module BspMode (578)
[2018.08.29-19.49.53:279][117]LogModuleManager: Shutting down and abandoning module PIEPreviewDeviceProfileSelector (576)
[2018.08.29-19.49.53:279][117]LogModuleManager: Shutting down and abandoning module SequenceRecorderSections (574)
[2018.08.29-19.49.53:279][117]LogModuleManager: Shutting down and abandoning module AutomationWorker (572)
[2018.08.29-19.49.53:279][117]LogModuleManager: Shutting down and abandoning module AudioCaptureEditor (570)
[2018.08.29-19.49.53:279][117]LogModuleManager: Shutting down and abandoning module SequenceRecorder (569)
[2018.08.29-19.49.53:279][117]LogModuleManager: Shutting down and abandoning module MatineeToLevelSequence (566)
[2018.08.29-19.49.53:279][117]LogModuleManager: Shutting down and abandoning module LevelSequenceEditor (564)
[2018.08.29-19.49.53:279][117]LogModuleManager: Shutting down and abandoning module PlacementMode (563)
[2018.08.29-19.49.53:279][117]LogModuleManager: Shutting down and abandoning module MaterialEditor (562)
[2018.08.29-19.49.53:279][117]LogModuleManager: Shutting down and abandoning module WmfMediaFactory (558)
[2018.08.29-19.49.53:279][117]LogModuleManager: Shutting down and abandoning module WmfMediaEditor (556)
[2018.08.29-19.49.53:280][117]LogModuleManager: Shutting down and abandoning module MediaPlayerEditor (554)
[2018.08.29-19.49.53:280][117]LogModuleManager: Shutting down and abandoning module OpenExrWrapper (552)
[2018.08.29-19.49.53:280][117]LogModuleManager: Shutting down and abandoning module ImgMediaFactory (550)
[2018.08.29-19.49.53:280][117]LogModuleManager: Shutting down and abandoning module ImgMediaEditor (548)
[2018.08.29-19.49.53:280][117]LogModuleManager: Shutting down and abandoning module AvfMediaFactory (546)
[2018.08.29-19.49.53:280][117]LogModuleManager: Shutting down and abandoning module AvfMediaEditor (544)
[2018.08.29-19.49.53:280][117]LogModuleManager: Shutting down and abandoning module AndroidMediaFactory (542)
[2018.08.29-19.49.53:280][117]LogModuleManager: Shutting down and abandoning module AndroidMediaEditor (540)
[2018.08.29-19.49.53:280][117]LogModuleManager: Shutting down and abandoning module MagicLeapCameraPreviewFactory (538)
[2018.08.29-19.49.53:280][117]LogModuleManager: Shutting down and abandoning module MagicLeapMediaFactory (536)
[2018.08.29-19.49.53:280][117]LogModuleManager: Shutting down and abandoning module MagicLeapMediaEditor (534)
[2018.08.29-19.49.53:280][117]LogModuleManager: Shutting down and abandoning module CharacterAI (532)
[2018.08.29-19.49.53:280][117]LogModuleManager: Shutting down and abandoning module SmartSnapping (530)
[2018.08.29-19.49.53:280][117]LogModuleManager: Shutting down and abandoning module SessionServices (528)
[2018.08.29-19.49.53:280][117]LogModuleManager: Shutting down and abandoning module ViewportSnapping (526)
[2018.08.29-19.49.53:280][117]LogModuleManager: Shutting down and abandoning module ViewportInteraction (524)
[2018.08.29-19.49.53:280][117]LogModuleManager: Shutting down and abandoning module ClothPainter (522)
[2018.08.29-19.49.53:280][117]LogModuleManager: Shutting down and abandoning module SkeletalMeshEditor (521)
[2018.08.29-19.49.53:280][117]LogModuleManager: Shutting down and abandoning module LogVisualizer (518)
[2018.08.29-19.49.53:280][117]LogModuleManager: Shutting down and abandoning module IntroTutorials (516)
[2018.08.29-19.49.53:280][117]LogModuleManager: Shutting down and abandoning module GameProjectGeneration (515)
[2018.08.29-19.49.53:280][117]LogModuleManager: Shutting down and abandoning module LuminPlatformEditor (512)
[2018.08.29-19.49.53:280][117]LogModuleManager: Shutting down and abandoning module IOSPlatformEditor (510)
[2018.08.29-19.49.53:280][117]LogModuleManager: Shutting down and abandoning module HTML5PlatformEditor (508)
[2018.08.29-19.49.53:280][117]LogModuleManager: Shutting down and abandoning module AndroidPlatformEditor (506)
[2018.08.29-19.49.53:280][117]LogModuleManager: Shutting down and abandoning module AndroidDeviceDetection (505)
[2018.08.29-19.49.53:774][117]LogModuleManager: Shutting down and abandoning module WindowsPlatformEditor (502)
[2018.08.29-19.49.53:774][117]LogModuleManager: Shutting down and abandoning module LuminRuntimeSettings (500)
[2018.08.29-19.49.53:774][117]LogModuleManager: Shutting down and abandoning module IOSRuntimeSettings (498)
[2018.08.29-19.49.53:774][117]LogModuleManager: Shutting down and abandoning module AndroidRuntimeSettings (496)
[2018.08.29-19.49.53:774][117]LogModuleManager: Shutting down and abandoning module InputBindingEditor (494)
[2018.08.29-19.49.53:774][117]LogModuleManager: Shutting down and abandoning module MergeActors (492)
[2018.08.29-19.49.53:774][117]LogModuleManager: Shutting down and abandoning module LocalizationDashboard (490)
[2018.08.29-19.49.53:774][117]LogModuleManager: Shutting down and abandoning module LocalizationService (489)
[2018.08.29-19.49.53:774][117]LogModuleManager: Shutting down and abandoning module HardwareTargeting (486)
[2018.08.29-19.49.53:774][117]LogModuleManager: Shutting down and abandoning module DeviceProfileEditor (484)
[2018.08.29-19.49.53:774][117]LogModuleManager: Shutting down and abandoning module UndoHistory (482)
[2018.08.29-19.49.53:774][117]LogModuleManager: Shutting down and abandoning module XmlParser (480)
[2018.08.29-19.49.53:774][117]LogModuleManager: Shutting down and abandoning module Blutility (478)
[2018.08.29-19.49.53:774][117]LogModuleManager: Shutting down and abandoning module ProjectSettingsViewer (476)
[2018.08.29-19.49.53:774][117]LogModuleManager: Shutting down and abandoning module ProjectTargetPlatformEditor (475)
[2018.08.29-19.49.53:775][117]LogModuleManager: Shutting down and abandoning module EditorSettingsViewer (472)
[2018.08.29-19.49.53:775][117]LogModuleManager: Shutting down and abandoning module SettingsEditor (470)
[2018.08.29-19.49.53:775][117]LogModuleManager: Shutting down and abandoning module ProjectLauncher (468)
[2018.08.29-19.49.53:775][117]LogModuleManager: Shutting down and abandoning module SessionFrontend (466)
[2018.08.29-19.49.53:775][117]LogModuleManager: Shutting down and abandoning module ProfilerClient (464)
[2018.08.29-19.49.53:775][117]LogModuleManager: Shutting down and abandoning module DeviceManager (462)
[2018.08.29-19.49.53:775][117]LogModuleManager: Shutting down and abandoning module TargetDeviceServices (461)
[2018.08.29-19.49.53:841][117]LogModuleManager: Shutting down and abandoning module AutomationController (458)
[2018.08.29-19.49.53:841][117]LogModuleManager: Shutting down and abandoning module AutomationWindow (456)
[2018.08.29-19.49.53:841][117]LogModuleManager: Shutting down and abandoning module Layers (454)
[2018.08.29-19.49.53:841][117]LogModuleManager: Shutting down and abandoning module ComponentVisualizers (452)
[2018.08.29-19.49.53:841][117]LogModuleManager: Shutting down and abandoning module DetailCustomizations (450)
[2018.08.29-19.49.53:841][117]LogModuleManager: Shutting down and abandoning module PackagesDialog (448)
[2018.08.29-19.49.53:841][117]LogModuleManager: Shutting down and abandoning module Persona (446)
[2018.08.29-19.49.53:841][117]LogModuleManager: Shutting down and abandoning module AdvancedPreviewScene (445)
[2018.08.29-19.49.53:841][117]LogModuleManager: Shutting down and abandoning module AnimGraph (443)
[2018.08.29-19.49.53:841][117]LogModuleManager: Shutting down and abandoning module Kismet (440)
[2018.08.29-19.49.53:846][117]LogModuleManager: Shutting down and abandoning module GraphEditor (438)
[2018.08.29-19.49.53:846][117]LogModuleManager: Shutting down and abandoning module ClassViewer (436)
[2018.08.29-19.49.53:847][117]LogModuleManager: Shutting down and abandoning module Toolbox (434)
[2018.08.29-19.49.53:847][117]LogModuleManager: Shutting down and abandoning module ModuleUI (432)
[2018.08.29-19.49.53:847][117]LogModuleManager: Shutting down and abandoning module MovieSceneTools (430)
[2018.08.29-19.49.53:847][117]LogModuleManager: Shutting down and abandoning module OutputLog (428)
[2018.08.29-19.49.53:847][117]LogModuleManager: Shutting down and abandoning module GammaUI (426)
[2018.08.29-19.49.53:847][117]LogModuleManager: Shutting down and abandoning module Documentation (424)
[2018.08.29-19.49.53:847][117]LogModuleManager: Shutting down and abandoning module MovieSceneTracks (422)
[2018.08.29-19.49.53:847][117]LogModuleManager: Shutting down and abandoning module MovieScene (420)
[2018.08.29-19.49.53:847][117]LogModuleManager: Shutting down and abandoning module StreamingPauseRendering (418)
[2018.08.29-19.49.53:847][117]LogModuleManager: Shutting down and abandoning module LauncherPlatform (416)
[2018.08.29-19.49.53:847][117]LogModuleManager: Shutting down and abandoning module AnalyticsET (414)
[2018.08.29-19.49.53:847][117]LogModuleManager: Shutting down and abandoning module PortalServices (412)
[2018.08.29-19.49.53:847][117]LogModuleManager: Shutting down and abandoning module PortalRpc (410)
[2018.08.29-19.49.53:847][117]LogModuleManager: Shutting down and abandoning module MessagingRpc (408)
[2018.08.29-19.49.53:847][117]LogModuleManager: Shutting down and abandoning module AIModule (406)
[2018.08.29-19.49.53:847][117]LogModuleManager: Shutting down and abandoning module GameplayDebugger (405)
[2018.08.29-19.49.53:847][117]LogModuleManager: Shutting down and abandoning module AITestSuite (403)
[2018.08.29-19.49.53:847][117]LogModuleManager: Shutting down and abandoning module NavigationSystem (401)
[2018.08.29-19.49.53:848][117]LogModuleManager: Shutting down and abandoning module DesktopPlatform (398)
[2018.08.29-19.49.53:848][117]LogModuleManager: Shutting down and abandoning module ProfilerService (396)
[2018.08.29-19.49.53:933][117]LogModuleManager: Shutting down and abandoning module TaskGraph (394)
[2018.08.29-19.49.53:933][117]LogModuleManager: Shutting down and abandoning module SteamVRController (392)
[2018.08.29-19.49.53:933][117]LogModuleManager: Shutting down and abandoning module ProceduralMeshComponentEditor (390)
[2018.08.29-19.49.53:933][117]LogModuleManager: Shutting down and abandoning module ProceduralMeshComponent (388)
[2018.08.29-19.49.53:933][117]LogModuleManager: Shutting down and abandoning module OculusInput (386)
[2018.08.29-19.49.53:933][117]LogModuleManager: Shutting down and abandoning module MobilePatchingUtils (384)
[2018.08.29-19.49.53:933][117]LogModuleManager: Shutting down and abandoning module EditableMesh (382)
[2018.08.29-19.49.53:933][117]LogModuleManager: Shutting down and abandoning module CustomMeshComponent (380)
[2018.08.29-19.49.53:933][117]LogModuleManager: Shutting down and abandoning module CableComponent (378)
[2018.08.29-19.49.53:933][117]LogModuleManager: Shutting down and abandoning module AudioCapture (376)
[2018.08.29-19.49.53:933][117]LogModuleManager: Shutting down and abandoning module ArchVisCharacter (374)
[2018.08.29-19.49.53:933][117]LogModuleManager: Shutting down and abandoning module AndroidPermission (372)
[2018.08.29-19.49.53:933][117]LogModuleManager: Shutting down and abandoning module NUTUnrealEngine4 (370)
[2018.08.29-19.49.53:933][117]LogModuleManager: Shutting down and abandoning module NetcodeUnitTest (368)
[2018.08.29-19.49.53:933][117]LogModuleManager: Shutting down and abandoning module MediaCompositingEditor (366)
[2018.08.29-19.49.53:933][117]LogModuleManager: Shutting down and abandoning module MediaCompositing (364)
[2018.08.29-19.49.53:933][117]LogModuleManager: Shutting down and abandoning module LinearTimecode (362)
[2018.08.29-19.49.53:933][117]LogModuleManager: Shutting down and abandoning module ImgMedia (360)
[2018.08.29-19.49.53:937][117]LogModuleManager: Shutting down and abandoning module HTML5Networking (358)
[2018.08.29-19.49.53:937][117]LogModuleManager: Shutting down and abandoning module GeometryCacheTracks (356)
[2018.08.29-19.49.53:937][117]LogModuleManager: Shutting down and abandoning module GeometryCacheSequencer (354)
[2018.08.29-19.49.53:937][117]LogModuleManager: Shutting down and abandoning module BackChannel (352)
[2018.08.29-19.49.53:937][117]LogModuleManager: Shutting down and abandoning module AppleVision (350)
[2018.08.29-19.49.53:937][117]LogModuleManager: Shutting down and abandoning module AppleImageUtils (348)
[2018.08.29-19.49.53:937][117]LogModuleManager: Shutting down and abandoning module AlembicImporter (346)
[2018.08.29-19.49.53:937][117]LogModuleManager: Shutting down and abandoning module AlembicLibrary (345)
[2018.08.29-19.49.53:937][117]LogModuleManager: Shutting down and abandoning module GeometryCache (344)
[2018.08.29-19.49.53:937][117]LogModuleManager: Shutting down and abandoning module GeometryCacheEd (343)
[2018.08.29-19.49.53:937][117]LogModuleManager: Shutting down and abandoning module DatasmithContentEditor (338)
[2018.08.29-19.49.53:937][117]LogModuleManager: Shutting down and abandoning module DatasmithContent (336)
[2018.08.29-19.49.53:937][117]LogModuleManager: Shutting down and abandoning module SpeedTreeImporter (334)
[2018.08.29-19.49.53:937][117]LogModuleManager: Shutting down and abandoning module PluginBrowser (332)
[2018.08.29-19.49.53:937][117]LogModuleManager: Shutting down and abandoning module MobileLauncherProfileWizard (330)
[2018.08.29-19.49.53:937][117]LogModuleManager: Shutting down and abandoning module CryptoKeysOpenSSL (328)
[2018.08.29-19.49.53:937][117]LogModuleManager: Shutting down and abandoning module CryptoKeys (326)
[2018.08.29-19.49.53:937][117]LogModuleManager: Shutting down and abandoning module VisualStudioSourceCodeAccess (324)
[2018.08.29-19.49.53:937][117]LogModuleManager: Shutting down and abandoning module VisualStudioCodeSourceCodeAccess (322)
[2018.08.29-19.49.53:937][117]LogModuleManager: Shutting down and abandoning module UObjectPlugin (320)
[2018.08.29-19.49.53:937][117]LogModuleManager: Shutting down and abandoning module SubversionSourceControl (318)
[2018.08.29-19.49.53:937][117]LogModuleManager: Shutting down and abandoning module PerforceSourceControl (316)
[2018.08.29-19.49.53:937][117]LogModuleManager: Shutting down and abandoning module GitSourceControl (314)
[2018.08.29-19.49.53:937][117]LogModuleManager: Shutting down and abandoning module SourceControl (313)
[2018.08.29-19.49.53:937][117]LogModuleManager: Shutting down and abandoning module CLionSourceCodeAccess (310)
[2018.08.29-19.49.53:937][117]LogModuleManager: Shutting down and abandoning module LightPropagationVolumeEditor (308)
[2018.08.29-19.49.53:937][117]LogModuleManager: Shutting down and abandoning module PaperTiledImporter (306)
[2018.08.29-19.49.53:937][117]LogModuleManager: Shutting down and abandoning module PaperSpriteSheetImporter (304)
[2018.08.29-19.49.53:937][117]LogModuleManager: Shutting down and abandoning module Paper2DEditor (302)
[2018.08.29-19.49.53:938][117]LogModuleManager: Shutting down and abandoning module MeshPaint (301)
[2018.08.29-19.49.53:938][117]LogModuleManager: Shutting down and abandoning module RuntimePhysXCooking (298)
[2018.08.29-19.49.53:938][117]LogModuleManager: Shutting down and abandoning module PhysXVehiclesEditor (296)
[2018.08.29-19.49.53:938][117]LogModuleManager: Shutting down and abandoning module PhysXVehicles (294)
[2018.08.29-19.49.53:938][117]LogModuleManager: Shutting down and abandoning module OculusEditor (292)
[2018.08.29-19.49.53:938][117]LogModuleManager: Shutting down and abandoning module LocationServicesBPLibrary (290)
[2018.08.29-19.49.53:938][117]LogModuleManager: Shutting down and abandoning module ImmediatePhysicsEditor (288)
[2018.08.29-19.49.53:938][117]LogModuleManager: Shutting down and abandoning module ImmediatePhysics (286)
[2018.08.29-19.49.53:938][117]LogModuleManager: Shutting down and abandoning module ActorSequence (284)
[2018.08.29-19.49.53:938][117]LogModuleManager: Shutting down and abandoning module UdpMessaging (282)
[2018.08.29-19.49.54:039][117]LogModuleManager: Shutting down and abandoning module TcpMessaging (280)
[2018.08.29-19.49.54:139][117]LogModuleManager: Shutting down and abandoning module MagicLeapAudio (278)
[2018.08.29-19.49.54:139][117]LogModuleManager: Shutting down and abandoning module GameplayTagsEditor (276)
[2018.08.29-19.49.54:139][117]LogModuleManager: Shutting down and abandoning module FacialAnimationEditor (274)
[2018.08.29-19.49.54:139][117]LogModuleManager: Shutting down and abandoning module FacialAnimation (272)
[2018.08.29-19.49.54:139][117]LogModuleManager: Shutting down and abandoning module DataValidation (270)
[2018.08.29-19.49.54:139][117]LogModuleManager: Shutting down and abandoning module AssetManagerEditor (268)
[2018.08.29-19.49.54:139][117]LogModuleManager: Shutting down and abandoning module LevelEditor (267)
[2018.08.29-19.49.54:139][117]LogModuleManager: Shutting down and abandoning module PixelInspectorModule (266)
[2018.08.29-19.49.54:139][117]LogModuleManager: Shutting down and abandoning module CommonMenuExtensions (264)
[2018.08.29-19.49.54:140][117]LogModuleManager: Shutting down and abandoning module MainFrame (262)
[2018.08.29-19.49.54:140][117]LogModuleManager: Shutting down and abandoning module HotReload (261)
[2018.08.29-19.49.54:140][117]LogModuleManager: Shutting down and abandoning module ContentBrowser (257)
[2018.08.29-19.49.54:141][117]LogModuleManager: Shutting down and abandoning module TreeMap (255)
[2018.08.29-19.49.54:141][117]LogModuleManager: Shutting down and abandoning module LightPropagationVolumeRuntime (252)
[2018.08.29-19.49.54:142][117]LogModuleManager: Shutting down and abandoning module AISupportModule (250)
[2018.08.29-19.49.54:142][117]LogModuleManager: Shutting down and abandoning module Paper2D (248)
[2018.08.29-19.49.54:142][117]LogModuleManager: Shutting down and abandoning module WindowsMoviePlayer (246)
[2018.08.29-19.49.54:142][117]LogModuleManager: Shutting down and abandoning module WmfMedia (244)
[2018.08.29-19.49.54:143][117]LogModuleManager: Shutting down and abandoning module Media (243)
[2018.08.29-19.49.54:149][117]LogModuleManager: Shutting down and abandoning module PacketHandler (240)
[2018.08.29-19.49.54:149][117]LogModuleManager: Shutting down and abandoning module ClothingSystemEditor (238)
[2018.08.29-19.49.54:149][117]LogModuleManager: Shutting down and abandoning module ClothingSystemRuntime (236)
[2018.08.29-19.49.54:149][117]LogModuleManager: Shutting down and abandoning module MediaAssets (234)
[2018.08.29-19.49.54:149][117]LogModuleManager: Shutting down and abandoning module Overlay (232)
[2018.08.29-19.49.54:149][117]LogModuleManager: Shutting down and abandoning module OverlayEditor (231)
[2018.08.29-19.49.54:149][117]LogModuleManager: Shutting down and abandoning module VREditor (228)
[2018.08.29-19.49.54:149][117]LogModuleManager: Shutting down and abandoning module StringTableEditor (226)
[2018.08.29-19.49.54:149][117]LogModuleManager: Shutting down and abandoning module GameplayTasksEditor (224)
[2018.08.29-19.49.54:149][117]LogModuleManager: Shutting down and abandoning module BehaviorTreeEditor (222)
[2018.08.29-19.49.54:149][117]LogModuleManager: Shutting down and abandoning module FunctionalTesting (220)
[2018.08.29-19.49.54:149][117]LogModuleManager: Shutting down and abandoning module CollisionAnalyzer (218)
[2018.08.29-19.49.54:149][117]LogModuleManager: Shutting down and abandoning module WorkspaceMenuStructure (217)
[2018.08.29-19.49.54:149][117]LogModuleManager: Shutting down and abandoning module UMG (214)
[2018.08.29-19.49.54:149][117]LogModuleManager: Shutting down and abandoning module UMGEditor (213)
[2018.08.29-19.49.54:149][117]LogModuleManager: Shutting down and abandoning module Sequencer (212)
[2018.08.29-19.49.54:149][117]LogModuleManager: Shutting down and abandoning module MessageLog (209)
[2018.08.29-19.49.54:149][117]LogModuleManager: Shutting down and abandoning module SlateReflector (204)
[2018.08.29-19.49.54:149][117]LogModuleManager: Shutting down and abandoning module Slate (202)
[2018.08.29-19.49.54:149][117]LogModuleManager: Shutting down and abandoning module EditorStyle (200)
[2018.08.29-19.49.54:151][117]LogModuleManager: Shutting down and abandoning module MRMesh (198)
[2018.08.29-19.49.54:151][117]LogModuleManager: Shutting down and abandoning module SourceCodeAccess (196)
[2018.08.29-19.49.54:151][117]LogModuleManager: Shutting down and abandoning module HeadMountedDisplay (194)
[2018.08.29-19.49.54:151][117]LogModuleManager: Shutting down and abandoning module XAudio2 (192)
[2018.08.29-19.49.54:151][117]LogModuleManager: Shutting down and abandoning module Networking (190)
[2018.08.29-19.49.54:151][117]LogModuleManager: Shutting down and abandoning module Core (188)
[2018.08.29-19.49.54:151][117]LogModuleManager: Shutting down and abandoning module LevelSequence (186)
[2018.08.29-19.49.54:151][117]LogModuleManager: Shutting down and abandoning module KismetCompiler (184)
[2018.08.29-19.49.54:151][117]LogModuleManager: Shutting down and abandoning module MeshUtilities (182)
[2018.08.29-19.49.54:151][117]LogModuleManager: Shutting down and abandoning module MeshMergeUtilities (181)
[2018.08.29-19.49.54:151][117]LogModuleManager: Shutting down and abandoning module MeshReductionInterface (180)
[2018.08.29-19.49.54:151][117]LogModuleManager: Shutting down and abandoning module SimplygonSwarm (179)
[2018.08.29-19.49.54:151][117]LogModuleManager: Shutting down and abandoning module ProxyLODMeshReduction (177)
[2018.08.29-19.49.54:151][117]LogModuleManager: Shutting down and abandoning module SimplygonMeshReduction (175)
[2018.08.29-19.49.54:151][117]LogModuleManager: Shutting down and abandoning module QuadricMeshReduction (173)
[2018.08.29-19.49.54:151][117]LogModuleManager: Shutting down and abandoning module MaterialBaking (169)
[2018.08.29-19.49.54:151][117]LogModuleManager: Shutting down and abandoning module DirectoryWatcher (165)
[2018.08.29-19.49.54:151][117]LogModuleManager: Shutting down and abandoning module DerivedDataCache (162)
[2018.08.29-19.49.54:162][117]LogDerivedDataCache: Shutdown
[2018.08.29-19.49.54:162][117]LogModuleManager: Shutting down and abandoning module XGEController (160)
[2018.08.29-19.49.54:162][117]LogModuleManager: Shutting down and abandoning module TargetPlatform (158)
[2018.08.29-19.49.54:162][117]LogModuleManager: Shutting down and abandoning module VulkanShaderFormat (157)
[2018.08.29-19.49.54:162][117]LogModuleManager: Shutting down and abandoning module ShaderFormatVectorVM (155)
[2018.08.29-19.49.54:162][117]LogModuleManager: Shutting down and abandoning module ShaderFormatOpenGL (153)
[2018.08.29-19.49.54:162][117]LogModuleManager: Shutting down and abandoning module ShaderFormatD3D (151)
[2018.08.29-19.49.54:162][117]LogModuleManager: Shutting down and abandoning module MetalShaderFormat (149)
[2018.08.29-19.49.54:162][117]LogModuleManager: Shutting down and abandoning module TextureFormatUncompressed (147)
[2018.08.29-19.49.54:162][117]LogModuleManager: Shutting down and abandoning module TextureFormatPVR (145)
[2018.08.29-19.49.54:162][117]LogModuleManager: Shutting down and abandoning module TextureFormatDXT (143)
[2018.08.29-19.49.54:162][117]LogModuleManager: Shutting down and abandoning module TextureFormatIntelISPCTexComp (141)
[2018.08.29-19.49.54:162][117]LogModuleManager: Shutting down and abandoning module TextureFormatASTC (139)
[2018.08.29-19.49.54:162][117]LogModuleManager: Shutting down and abandoning module ImageWrapper (138)
[2018.08.29-19.49.54:162][117]LogModuleManager: Shutting down and abandoning module TextureFormatAndroid (135)
[2018.08.29-19.49.54:162][117]LogModuleManager: Shutting down and abandoning module AudioFormatOpus (133)
[2018.08.29-19.49.54:162][117]LogModuleManager: Shutting down and abandoning module AudioFormatOgg (131)
[2018.08.29-19.49.54:162][117]LogModuleManager: Shutting down and abandoning module AudioFormatADPCM (129)
[2018.08.29-19.49.54:162][117]LogModuleManager: Shutting down and abandoning module LuminTargetPlatform (127)
[2018.08.29-19.49.54:162][117]LogModuleManager: Shutting down and abandoning module LinuxTargetPlatform (125)
[2018.08.29-19.49.54:162][117]LogModuleManager: Shutting down and abandoning module LinuxServerTargetPlatform (123)
[2018.08.29-19.49.54:162][117]LogModuleManager: Shutting down and abandoning module LinuxNoEditorTargetPlatform (121)
[2018.08.29-19.49.54:162][117]LogModuleManager: Shutting down and abandoning module LinuxClientTargetPlatform (119)
[2018.08.29-19.49.54:162][117]LogModuleManager: Shutting down and abandoning module TVOSTargetPlatform (117)
[2018.08.29-19.49.54:163][117]LogModuleManager: Shutting down and abandoning module Messaging (115)
[2018.08.29-19.49.54:163][117]LogModuleManager: Shutting down and abandoning module IOSTargetPlatform (113)
[2018.08.29-19.49.54:164][117]LogModuleManager: Shutting down and abandoning module HTML5TargetPlatform (111)
[2018.08.29-19.49.54:164][117]LogModuleManager: Shutting down and abandoning module AndroidTargetPlatform (109)
[2018.08.29-19.49.54:169][117]LogModuleManager: Shutting down and abandoning module WindowsTargetPlatform (107)
[2018.08.29-19.49.54:170][117]LogModuleManager: Shutting down and abandoning module WindowsServerTargetPlatform (105)
[2018.08.29-19.49.54:170][117]LogModuleManager: Shutting down and abandoning module WindowsNoEditorTargetPlatform (103)
[2018.08.29-19.49.54:170][117]LogModuleManager: Shutting down and abandoning module WindowsClientTargetPlatform (101)
[2018.08.29-19.49.54:170][117]LogModuleManager: Shutting down and abandoning module MacTargetPlatform (99)
[2018.08.29-19.49.54:170][117]LogModuleManager: Shutting down and abandoning module MacServerTargetPlatform (97)
[2018.08.29-19.49.54:170][117]LogModuleManager: Shutting down and abandoning module MacNoEditorTargetPlatform (95)
[2018.08.29-19.49.54:170][117]LogModuleManager: Shutting down and abandoning module MacClientTargetPlatform (93)
[2018.08.29-19.49.54:170][117]LogModuleManager: Shutting down and abandoning module AllDesktopTargetPlatform (91)
[2018.08.29-19.49.54:170][117]LogModuleManager: Shutting down and abandoning module InputCore (88)
[2018.08.29-19.49.54:170][117]LogModuleManager: Shutting down and abandoning module Settings (86)
[2018.08.29-19.49.54:170][117]LogModuleManager: Shutting down and abandoning module PhysXCooking (84)
[2018.08.29-19.49.54:170][117]LogModuleManager: Shutting down and abandoning module SteamVR (82)
[2018.08.29-19.49.54:170][117]LogModuleManager: Shutting down and abandoning module OculusHMD (80)
[2018.08.29-19.49.54:170][117]LogModuleManager: Shutting down and abandoning module ExampleDeviceProfileSelector (78)
[2018.08.29-19.49.54:170][117]LogModuleManager: Shutting down and abandoning module LauncherChunkInstaller (76)
[2018.08.29-19.49.54:170][117]LogModuleManager: Shutting down and abandoning module OnlineBlueprintSupport (74)
[2018.08.29-19.49.54:170][117]LogModuleManager: Shutting down and abandoning module OnlineSubsystem (70)
[2018.08.29-19.49.54:170][117]LogModuleManager: Shutting down and abandoning module XMPP (65)
[2018.08.29-19.49.54:171][117]LogModuleManager: Shutting down and abandoning module WebSockets (64)
[2018.08.29-19.49.54:196][117]LogModuleManager: Shutting down and abandoning module HTTP (61)
[2018.08.29-19.49.54:196][117]LogHttp: Display: Http module shutting down, but needs to wait on 1 outstanding Http requests:
[2018.08.29-19.49.54:196][117]LogHttp: Display: 	verb=[POST] url=[https://datarouter.ol.epicgames.com/datarouter/api/v1/public/data?SessionID=%7B5E793106-45D8-DC88-1843-63A5817C8E76%7D&AppID=UEEditor.Rocket.Release&AppVersion=4.20.0-4212847%2B%2B%2BUE4%2BRelease-4.20&UserID=8770d80a4a4d04786e7c5384e5831248%7Ccac288231c60470d83381c2c581fa22a%7C3b2b3ea1-afe5-4931-a325-1b1645fe5cf7&AppEnvironment=datacollector-binary&UploadType=eteventstream] status=Processing
[2018.08.29-19.49.54:198][117]LogModuleManager: Shutting down and abandoning module SSL (60)
[2018.08.29-19.49.54:199][117]LogModuleManager: Shutting down and abandoning module MagicLeapEmulator (56)
[2018.08.29-19.49.54:199][117]LogModuleManager: Shutting down and abandoning module MagicLeapPrivileges (54)
[2018.08.29-19.49.54:199][117]LogModuleManager: Shutting down and abandoning module MagicLeapIdentity (52)
[2018.08.29-19.49.54:199][117]LogModuleManager: Shutting down and abandoning module MagicLeapHelperVulkan (50)
[2018.08.29-19.49.54:199][117]LogModuleManager: Shutting down and abandoning module MagicLeapHelperOpenGL (48)
[2018.08.29-19.49.54:199][117]LogModuleManager: Shutting down and abandoning module MagicLeapSecureStorage (46)
[2018.08.29-19.49.54:199][117]LogModuleManager: Shutting down and abandoning module MagicLeapGestures (44)
[2018.08.29-19.49.54:199][117]LogModuleManager: Shutting down and abandoning module MagicLeapEyeTracker (42)
[2018.08.29-19.49.54:199][117]LogModuleManager: Shutting down and abandoning module MagicLeapController (40)
[2018.08.29-19.49.54:200][117]LogSlate: Slate User Destroyed.  User Index 0, Is Virtual User: 0
[2018.08.29-19.49.54:200][117]LogModuleManager: Shutting down and abandoning module MagicLeap (38)
[2018.08.29-19.49.54:200][117]LogModuleManager: Shutting down and abandoning module AnimationModifiers (36)
[2018.08.29-19.49.54:200][117]LogModuleManager: Shutting down and abandoning module PropertyEditor (35)
[2018.08.29-19.49.54:200][117]LogModuleManager: Shutting down and abandoning module AudioEditor (32)
[2018.08.29-19.49.54:200][117]LogModuleManager: Shutting down and abandoning module TextureCompressor (30)
[2018.08.29-19.49.54:200][117]LogModuleManager: Shutting down and abandoning module ShaderCore (28)
[2018.08.29-19.49.54:200][117]LogModuleManager: Shutting down and abandoning module Landscape (26)
[2018.08.29-19.49.54:200][117]LogModuleManager: Shutting down and abandoning module SlateRHIRenderer (24)
[2018.08.29-19.49.54:201][117]LogModuleManager: Shutting down and abandoning module OpenGLDrv (22)
[2018.08.29-19.49.54:201][117]LogModuleManager: Shutting down and abandoning module D3D11RHI (20)
[2018.08.29-19.49.54:201][117]LogModuleManager: Shutting down and abandoning module AnimGraphRuntime (18)
[2018.08.29-19.49.54:201][117]LogModuleManager: Shutting down and abandoning module Renderer (16)
[2018.08.29-19.49.54:201][117]LogModuleManager: Shutting down and abandoning module Engine (14)
[2018.08.29-19.49.54:201][117]LogModuleManager: Shutting down and abandoning module CoreUObject (12)
[2018.08.29-19.49.54:201][117]LogModuleManager: Shutting down and abandoning module NetworkFile (10)
[2018.08.29-19.49.54:201][117]LogModuleManager: Shutting down and abandoning module CookedIterativeFile (8)
[2018.08.29-19.49.54:201][117]LogModuleManager: Shutting down and abandoning module StreamingFile (6)
[2018.08.29-19.49.54:201][117]LogModuleManager: Shutting down and abandoning module SandboxFile (4)
[2018.08.29-19.49.54:201][117]LogModuleManager: Shutting down and abandoning module PakFile (2)
[2018.08.29-19.49.54:206][117]LogExit: Exiting.
[2018.08.29-19.49.54:221][117]Log file closed, 08/29/18 13:49:54
